<?xml version="1.0" encoding="UTF-8"?>
<testsuite name="nts.uk.ctx.sys.gateway.dom.accessrestrictions.AllowedIPAddressTest" tests="4" skipped="0" failures="0" errors="0" timestamp="2022-01-28T07:48:28" hostname="DESKTOP-SC7EVQL" time="0.002">
  <properties/>
  <testcase name="testIsAccessable_RANGE_NG" classname="nts.uk.ctx.sys.gateway.dom.accessrestrictions.AllowedIPAddressTest" time="0.001"/>
  <testcase name="testIsAccessable_RANGE_OK" classname="nts.uk.ctx.sys.gateway.dom.accessrestrictions.AllowedIPAddressTest" time="0.0"/>
  <testcase name="testIsAccessable_SPECIFIC_NG" classname="nts.uk.ctx.sys.gateway.dom.accessrestrictions.AllowedIPAddressTest" time="0.0"/>
  <testcase name="testIsAccessable_SPECIFIC_OK" classname="nts.uk.ctx.sys.gateway.dom.accessrestrictions.AllowedIPAddressTest" time="0.001"/>
  <system-out><![CDATA[]]></system-out>
  <system-err><![CDATA[]]></system-err>
</testsuite>
