<?xml version="1.0" encoding="UTF-8"?>
<testsuite name="nts.uk.ctx.sys.gateway.dom.accessrestrictions.IPAddressSettingTest" tests="1" skipped="0" failures="0" errors="0" timestamp="2022-01-28T07:48:28" hostname="DESKTOP-SC7EVQL" time="0.001">
  <properties/>
  <testcase name="testToIpv4Address" classname="nts.uk.ctx.sys.gateway.dom.accessrestrictions.IPAddressSettingTest" time="0.001"/>
  <system-out><![CDATA[]]></system-out>
  <system-err><![CDATA[]]></system-err>
</testsuite>
