<?xml version="1.0" encoding="UTF-8"?>
<testsuite name="nts.uk.ctx.sys.gateway.dom.login.password.InspectionResultTest" tests="3" skipped="0" failures="0" errors="0" timestamp="2022-01-28T07:48:28" hostname="DESKTOP-SC7EVQL" time="0.004">
  <properties/>
  <testcase name="testC1" classname="nts.uk.ctx.sys.gateway.dom.login.password.InspectionResultTest" time="0.004"/>
  <testcase name="testC2" classname="nts.uk.ctx.sys.gateway.dom.login.password.InspectionResultTest" time="0.0"/>
  <testcase name="testC3" classname="nts.uk.ctx.sys.gateway.dom.login.password.InspectionResultTest" time="0.0"/>
  <system-out><![CDATA[]]></system-out>
  <system-err><![CDATA[]]></system-err>
</testsuite>
