<?xml version="1.0" encoding="UTF-8"?>
<testsuite name="nts.uk.ctx.sys.gateway.dom.login.password.VerifyEmployeeCodeAndPasswordTest" tests="5" skipped="0" failures="0" errors="0" timestamp="2022-01-28T07:48:29" hostname="DESKTOP-SC7EVQL" time="0.252">
  <properties/>
  <testcase name="test" classname="nts.uk.ctx.sys.gateway.dom.login.password.VerifyEmployeeCodeAndPasswordTest" time="0.043"/>
  <testcase name="test1" classname="nts.uk.ctx.sys.gateway.dom.login.password.VerifyEmployeeCodeAndPasswordTest" time="0.005"/>
  <testcase name="test2" classname="nts.uk.ctx.sys.gateway.dom.login.password.VerifyEmployeeCodeAndPasswordTest" time="0.002"/>
  <testcase name="test3" classname="nts.uk.ctx.sys.gateway.dom.login.password.VerifyEmployeeCodeAndPasswordTest" time="0.036"/>
  <testcase name="test4" classname="nts.uk.ctx.sys.gateway.dom.login.password.VerifyEmployeeCodeAndPasswordTest" time="0.033"/>
  <system-out><![CDATA[]]></system-out>
  <system-err><![CDATA[]]></system-err>
</testsuite>
