<?xml version="1.0" encoding="UTF-8"?>
<testsuite name="nts.uk.ctx.sys.portal.dom.notice.MessageNoticeTest" tests="12" skipped="0" failures="0" errors="0" timestamp="2022-01-28T07:48:32" hostname="DESKTOP-SC7EVQL" time="0.028">
  <properties/>
  <testcase name="constructorC1" classname="nts.uk.ctx.sys.portal.dom.notice.MessageNoticeTest" time="0.017"/>
  <testcase name="createFromMementoTest" classname="nts.uk.ctx.sys.portal.dom.notice.MessageNoticeTest" time="0.002"/>
  <testcase name="setMementoTest" classname="nts.uk.ctx.sys.portal.dom.notice.MessageNoticeTest" time="0.0"/>
  <testcase name="getters" classname="nts.uk.ctx.sys.portal.dom.notice.MessageNoticeTest" time="0.0"/>
  <testcase name="gettersNull" classname="nts.uk.ctx.sys.portal.dom.notice.MessageNoticeTest" time="0.0"/>
  <testcase name="setMementoTestWithNull" classname="nts.uk.ctx.sys.portal.dom.notice.MessageNoticeTest" time="0.0"/>
  <testcase name="constructorC1" classname="nts.uk.ctx.sys.portal.dom.notice.MessageNoticeTest" time="0.001"/>
  <testcase name="createFromMementoTest" classname="nts.uk.ctx.sys.portal.dom.notice.MessageNoticeTest" time="0.0"/>
  <testcase name="setMementoTest" classname="nts.uk.ctx.sys.portal.dom.notice.MessageNoticeTest" time="0.0"/>
  <testcase name="getters" classname="nts.uk.ctx.sys.portal.dom.notice.MessageNoticeTest" time="0.0"/>
  <testcase name="gettersNull" classname="nts.uk.ctx.sys.portal.dom.notice.MessageNoticeTest" time="0.001"/>
  <testcase name="setMementoTestWithNull" classname="nts.uk.ctx.sys.portal.dom.notice.MessageNoticeTest" time="0.0"/>
  <system-out><![CDATA[]]></system-out>
  <system-err><![CDATA[]]></system-err>
</testsuite>
