<?xml version="1.0" encoding="UTF-8"?>
<testsuite name="nts.uk.ctx.sys.portal.dom.notice.service.MessageNoticeServiceTest" tests="8" skipped="0" failures="0" errors="0" timestamp="2022-01-28T07:48:32" hostname="DESKTOP-SC7EVQL" time="0.02">
  <properties/>
  <testcase name="testIsNewMsgFalseResult" classname="nts.uk.ctx.sys.portal.dom.notice.service.MessageNoticeServiceTest" time="0.01"/>
  <testcase name="testGetAllMsgInPeriodEmptyResult" classname="nts.uk.ctx.sys.portal.dom.notice.service.MessageNoticeServiceTest" time="0.002"/>
  <testcase name="testIsNewMsgTrueResult" classname="nts.uk.ctx.sys.portal.dom.notice.service.MessageNoticeServiceTest" time="0.002"/>
  <testcase name="testGetAllMsgInPeriod" classname="nts.uk.ctx.sys.portal.dom.notice.service.MessageNoticeServiceTest" time="0.002"/>
  <testcase name="testIsNewMsgFalseResult" classname="nts.uk.ctx.sys.portal.dom.notice.service.MessageNoticeServiceTest" time="0.001"/>
  <testcase name="testGetAllMsgInPeriodEmptyResult" classname="nts.uk.ctx.sys.portal.dom.notice.service.MessageNoticeServiceTest" time="0.0"/>
  <testcase name="testIsNewMsgTrueResult" classname="nts.uk.ctx.sys.portal.dom.notice.service.MessageNoticeServiceTest" time="0.0"/>
  <testcase name="testGetAllMsgInPeriod" classname="nts.uk.ctx.sys.portal.dom.notice.service.MessageNoticeServiceTest" time="0.001"/>
  <system-out><![CDATA[]]></system-out>
  <system-err><![CDATA[]]></system-err>
</testsuite>
