<?xml version="1.0" encoding="UTF-8"?>
<testsuite name="nts.uk.ctx.sys.portal.dom.generalsearch.GeneralSearchHistoryTest" tests="3" skipped="0" failures="0" errors="0" timestamp="2022-01-28T07:48:31" hostname="DESKTOP-SC7EVQL" time="0.072">
  <properties/>
  <testcase name="setMemento" classname="nts.uk.ctx.sys.portal.dom.generalsearch.GeneralSearchHistoryTest" time="0.07"/>
  <testcase name="getters" classname="nts.uk.ctx.sys.portal.dom.generalsearch.GeneralSearchHistoryTest" time="0.001"/>
  <testcase name="getMementoNull" classname="nts.uk.ctx.sys.portal.dom.generalsearch.GeneralSearchHistoryTest" time="0.0"/>
  <system-out><![CDATA[]]></system-out>
  <system-err><![CDATA[]]></system-err>
</testsuite>
