<?xml version="1.0" encoding="UTF-8"?>
<testsuite name="nts.uk.ctx.sys.portal.dom.toppagealarm.service.updateautorunalarm.UpdateAutoRunAlarmDsTest" tests="1" skipped="0" failures="0" errors="0" timestamp="2022-01-28T07:48:32" hostname="DESKTOP-SC7EVQL" time="0.005">
  <properties/>
  <testcase name="UpdateAutoRunAlarmDsTest1" classname="nts.uk.ctx.sys.portal.dom.toppagealarm.service.updateautorunalarm.UpdateAutoRunAlarmDsTest" time="0.005"/>
  <system-out><![CDATA[]]></system-out>
  <system-err><![CDATA[]]></system-err>
</testsuite>
