<?xml version="1.0" encoding="UTF-8"?>
<testsuite name="nts.uk.ctx.sys.portal.dom.toppagealarm.service.createalarmdata.CreateAlarmDataDsTest" tests="5" skipped="0" failures="0" errors="0" timestamp="2022-01-28T07:48:32" hostname="DESKTOP-SC7EVQL" time="0.167">
  <properties/>
  <testcase name="CreateAlarmDataDsTest1" classname="nts.uk.ctx.sys.portal.dom.toppagealarm.service.createalarmdata.CreateAlarmDataDsTest" time="0.097"/>
  <testcase name="CreateAlarmDataDsTest2" classname="nts.uk.ctx.sys.portal.dom.toppagealarm.service.createalarmdata.CreateAlarmDataDsTest" time="0.018"/>
  <testcase name="CreateAlarmDataDsTest3" classname="nts.uk.ctx.sys.portal.dom.toppagealarm.service.createalarmdata.CreateAlarmDataDsTest" time="0.017"/>
  <testcase name="CreateAlarmDataDsTest4" classname="nts.uk.ctx.sys.portal.dom.toppagealarm.service.createalarmdata.CreateAlarmDataDsTest" time="0.017"/>
  <testcase name="CreateAlarmDataDsTest5" classname="nts.uk.ctx.sys.portal.dom.toppagealarm.service.createalarmdata.CreateAlarmDataDsTest" time="0.017"/>
  <system-out><![CDATA[]]></system-out>
  <system-err><![CDATA[]]></system-err>
</testsuite>
