<?xml version="1.0" encoding="UTF-8"?>
<testsuite name="nts.uk.ctx.sys.auth.dom.role.RoleTest" tests="4" skipped="0" failures="0" errors="0" timestamp="2022-01-28T07:48:21" hostname="DESKTOP-SC7EVQL" time="0.003">
  <properties/>
  <testcase name="createGeneralRole_ReferenceRange_ALL_EMPLOYEE" classname="nts.uk.ctx.sys.auth.dom.role.RoleTest" time="0.001"/>
  <testcase name="createGeneralRole" classname="nts.uk.ctx.sys.auth.dom.role.RoleTest" time="0.001"/>
  <testcase name="createInChargeRole" classname="nts.uk.ctx.sys.auth.dom.role.RoleTest" time="0.0"/>
  <testcase name="createGeneralRole_roleAttendance_approvalAuthority_empty" classname="nts.uk.ctx.sys.auth.dom.role.RoleTest" time="0.001"/>
  <system-out><![CDATA[]]></system-out>
  <system-err><![CDATA[]]></system-err>
</testsuite>
