<?xml version="1.0" encoding="UTF-8"?>
<testsuite name="nts.uk.ctx.sys.auth.dom.wkpmanager.WorkplaceManagerTest" tests="2" skipped="0" failures="0" errors="0" timestamp="2022-01-28T07:48:21" hostname="DESKTOP-SC7EVQL" time="0.021">
  <properties/>
  <testcase name="getters" classname="nts.uk.ctx.sys.auth.dom.wkpmanager.WorkplaceManagerTest" time="0.001"/>
  <testcase name="testCreateNew" classname="nts.uk.ctx.sys.auth.dom.wkpmanager.WorkplaceManagerTest" time="0.02"/>
  <system-out><![CDATA[]]></system-out>
  <system-err><![CDATA[]]></system-err>
</testsuite>
