<?xml version="1.0" encoding="UTF-8"?>
<testsuite name="nts.uk.ctx.sys.auth.dom.grant.rolesetjob.RoleSetGrantedJobTitleTest" tests="1" skipped="0" failures="0" errors="0" timestamp="2022-01-28T07:48:21" hostname="DESKTOP-SC7EVQL" time="0.003">
  <properties/>
  <testcase name="getters" classname="nts.uk.ctx.sys.auth.dom.grant.rolesetjob.RoleSetGrantedJobTitleTest" time="0.003"/>
  <system-out><![CDATA[]]></system-out>
  <system-err><![CDATA[]]></system-err>
</testsuite>
